2024-07-22 14:09:33,364 - root - INFO - File uploaded: toan_disgust_gap.wav
2024-07-22 14:09:34,534 - root - INFO - Audio loaded successfully: uploads/toan_disgust_gap.wav, Sample rate: 22050, Length: 36793
2024-07-22 14:09:34,559 - root - INFO - MFCC extracted successfully: Shape: (39, 72)
2024-07-22 14:09:34,561 - root - INFO - MFCC scaled successfully: Shape: (72, 39)
2024-07-22 14:09:34,561 - root - INFO - MFCC expanded successfully: Shape: (72, 39, 1)
2024-07-22 14:09:34,561 - root - INFO - MFCC shape: (72, 39, 1)
2024-07-22 14:09:35,637 - root - INFO - Emotion counts: Counter({'disgust': 52, 'neutral': 16, 'happy': 2, 'angry': 1, 'sad': 1})
2024-07-22 14:09:35,637 - root - INFO - Emotion detected: disgust
2024-07-22 14:09:35,638 - werkzeug - INFO - 127.0.0.1 - - [22/Jul/2024 14:09:35] "POST /upload HTTP/1.1" 200 -
2024-07-22 14:10:19,337 - root - INFO - File uploaded: toan_angry_3.wav
2024-07-22 14:10:19,338 - root - INFO - Audio loaded successfully: uploads/toan_angry_3.wav, Sample rate: 22050, Length: 138190
2024-07-22 14:10:19,348 - root - INFO - MFCC extracted successfully: Shape: (39, 270)
2024-07-22 14:10:19,350 - root - INFO - MFCC scaled successfully: Shape: (270, 39)
2024-07-22 14:10:19,350 - root - INFO - MFCC expanded successfully: Shape: (270, 39, 1)
2024-07-22 14:10:19,350 - root - INFO - MFCC shape: (270, 39, 1)
2024-07-22 14:10:19,541 - root - INFO - Emotion counts: Counter({'disgust': 198, 'neutral': 55, 'sad': 7, 'happy': 6, 'angry': 3, 'surprise': 1})
2024-07-22 14:10:19,542 - root - INFO - Emotion detected: disgust
2024-07-22 14:10:19,542 - werkzeug - INFO - 127.0.0.1 - - [22/Jul/2024 14:10:19] "POST /upload HTTP/1.1" 200 -
2024-07-22 14:10:47,929 - root - INFO - File uploaded: phi_fear.wav
2024-07-22 14:10:47,934 - root - INFO - Audio loaded successfully: uploads/phi_fear.wav, Sample rate: 44100, Length: 213561
2024-07-22 14:10:47,949 - root - INFO - MFCC extracted successfully: Shape: (39, 418)
2024-07-22 14:10:47,951 - root - INFO - MFCC scaled successfully: Shape: (418, 39)
2024-07-22 14:10:47,951 - root - INFO - MFCC expanded successfully: Shape: (418, 39, 1)
2024-07-22 14:10:47,951 - root - INFO - MFCC shape: (418, 39, 1)
2024-07-22 14:10:48,201 - root - INFO - Emotion counts: Counter({'disgust': 268, 'neutral': 116, 'happy': 19, 'angry': 12, 'fear': 1, 'surprise': 1, 'sad': 1})
2024-07-22 14:10:48,201 - root - INFO - Emotion detected: disgust
2024-07-22 14:10:48,201 - werkzeug - INFO - 127.0.0.1 - - [22/Jul/2024 14:10:48] "POST /upload HTTP/1.1" 200 -
2024-07-22 14:11:17,935 - root - INFO - File uploaded: duong_happy.wav
2024-07-22 14:11:17,940 - root - INFO - Audio loaded successfully: uploads/duong_happy.wav, Sample rate: 44100, Length: 212621
2024-07-22 14:11:17,952 - root - INFO - MFCC extracted successfully: Shape: (39, 416)
2024-07-22 14:11:17,953 - root - INFO - MFCC scaled successfully: Shape: (416, 39)
2024-07-22 14:11:17,954 - root - INFO - MFCC expanded successfully: Shape: (416, 39, 1)
2024-07-22 14:11:17,954 - root - INFO - MFCC shape: (416, 39, 1)
2024-07-22 14:11:18,110 - root - INFO - Emotion counts: Counter({'disgust': 309, 'neutral': 64, 'happy': 23, 'angry': 14, 'sad': 3, 'surprise': 3})
2024-07-22 14:11:18,110 - root - INFO - Emotion detected: disgust
2024-07-22 14:11:18,110 - werkzeug - INFO - 127.0.0.1 - - [22/Jul/2024 14:11:18] "POST /upload HTTP/1.1" 200 -
2024-07-22 14:11:39,292 - root - INFO - File uploaded: toan_neutral_1.wav
2024-07-22 14:11:39,293 - root - INFO - Audio loaded successfully: uploads/toan_neutral_1.wav, Sample rate: 22050, Length: 90253
2024-07-22 14:11:39,299 - root - INFO - MFCC extracted successfully: Shape: (39, 177)
2024-07-22 14:11:39,300 - root - INFO - MFCC scaled successfully: Shape: (177, 39)
2024-07-22 14:11:39,300 - root - INFO - MFCC expanded successfully: Shape: (177, 39, 1)
2024-07-22 14:11:39,300 - root - INFO - MFCC shape: (177, 39, 1)
2024-07-22 14:11:39,501 - root - INFO - Emotion counts: Counter({'disgust': 122, 'neutral': 48, 'angry': 5, 'happy': 2})
2024-07-22 14:11:39,501 - root - INFO - Emotion detected: disgust
2024-07-22 14:11:39,502 - werkzeug - INFO - 127.0.0.1 - - [22/Jul/2024 14:11:39] "POST /upload HTTP/1.1" 200 -
2024-07-22 14:11:56,403 - root - INFO - File uploaded: toan_sad_1.wav
2024-07-22 14:11:56,404 - root - INFO - Audio loaded successfully: uploads/toan_sad_1.wav, Sample rate: 22050, Length: 270981
2024-07-22 14:11:56,418 - root - INFO - MFCC extracted successfully: Shape: (39, 530)
2024-07-22 14:11:56,419 - root - INFO - MFCC scaled successfully: Shape: (530, 39)
2024-07-22 14:11:56,419 - root - INFO - MFCC expanded successfully: Shape: (530, 39, 1)
2024-07-22 14:11:56,419 - root - INFO - MFCC shape: (530, 39, 1)
2024-07-22 14:11:56,646 - root - INFO - Emotion counts: Counter({'disgust': 423, 'neutral': 71, 'happy': 24, 'angry': 8, 'sad': 3, 'surprise': 1})
2024-07-22 14:11:56,646 - root - INFO - Emotion detected: disgust
2024-07-22 14:11:56,646 - werkzeug - INFO - 127.0.0.1 - - [22/Jul/2024 14:11:56] "POST /upload HTTP/1.1" 200 -
2024-07-22 14:12:24,423 - root - INFO - File uploaded: duong_surprise.wav
2024-07-22 14:12:24,426 - root - INFO - Audio loaded successfully: uploads/duong_surprise.wav, Sample rate: 44100, Length: 158055
2024-07-22 14:12:24,436 - root - INFO - MFCC extracted successfully: Shape: (39, 309)
2024-07-22 14:12:24,438 - root - INFO - MFCC scaled successfully: Shape: (309, 39)
2024-07-22 14:12:24,438 - root - INFO - MFCC expanded successfully: Shape: (309, 39, 1)
2024-07-22 14:12:24,438 - root - INFO - MFCC shape: (309, 39, 1)
2024-07-22 14:12:24,636 - root - INFO - Emotion counts: Counter({'disgust': 272, 'happy': 19, 'neutral': 10, 'sad': 6, 'fear': 1, 'surprise': 1})
2024-07-22 14:12:24,636 - root - INFO - Emotion detected: disgust
2024-07-22 14:12:24,636 - werkzeug - INFO - 127.0.0.1 - - [22/Jul/2024 14:12:24] "POST /upload HTTP/1.1" 200 -
